<?xml version="1.0" encoding="UTF-8"?>
<testng-results skipped="0" failed="1" ignored="0" total="2" passed="1">
  <reporter-output>
  </reporter-output>
  <suite name="Default suite" duration-ms="19638" started-at="2019-08-13T11:11:19Z" finished-at="2019-08-13T11:11:38Z">
    <groups>
    </groups>
    <test name="Default test" duration-ms="19638" started-at="2019-08-13T11:11:19Z" finished-at="2019-08-13T11:11:38Z">
      <class name="extentreport.Testclassdemo">
        <test-method status="PASS" signature="Bsuite()[pri:0, instance:extentreport.Testclassdemo@1e88b3c]" name="Bsuite" is-config="true" duration-ms="684" started-at="2019-08-13T11:11:18Z" finished-at="2019-08-13T11:11:19Z">
          <reporter-output>
          </reporter-output>
        </test-method> <!-- Bsuite -->
        <test-method status="PASS" signature="Bmethod()[pri:0, instance:extentreport.Testclassdemo@1e88b3c]" name="Bmethod" is-config="true" duration-ms="4503" started-at="2019-08-13T11:11:19Z" finished-at="2019-08-13T11:11:23Z">
          <reporter-output>
          </reporter-output>
        </test-method> <!-- Bmethod -->
        <test-method status="PASS" signature="TitleAssert()[pri:0, instance:extentreport.Testclassdemo@1e88b3c]" name="TitleAssert" duration-ms="2752" started-at="2019-08-13T11:11:23Z" finished-at="2019-08-13T11:11:26Z">
          <reporter-output>
          </reporter-output>
        </test-method> <!-- TitleAssert -->
        <test-method status="PASS" signature="Amethod()[pri:0, instance:extentreport.Testclassdemo@1e88b3c]" name="Amethod" is-config="true" duration-ms="2093" started-at="2019-08-13T11:11:26Z" finished-at="2019-08-13T11:11:28Z">
          <reporter-output>
          </reporter-output>
        </test-method> <!-- Amethod -->
        <test-method status="PASS" signature="Bmethod()[pri:0, instance:extentreport.Testclassdemo@1e88b3c]" name="Bmethod" is-config="true" duration-ms="2446" started-at="2019-08-13T11:11:28Z" finished-at="2019-08-13T11:11:30Z">
          <reporter-output>
          </reporter-output>
        </test-method> <!-- Bmethod -->
        <test-method status="FAIL" signature="link()[pri:0, instance:extentreport.Testclassdemo@1e88b3c]" name="link" duration-ms="5679" started-at="2019-08-13T11:11:30Z" finished-at="2019-08-13T11:11:36Z">
          <exception class="java.lang.AssertionError">
            <message>
              <![CDATA[expected [Gma] but found [Gmail]]]>
            </message>
            <full-stacktrace>
              <![CDATA[java.lang.AssertionError: expected [Gma] but found [Gmail]
at org.testng.Assert.fail(Assert.java:96)
at org.testng.Assert.failNotEquals(Assert.java:776)
at org.testng.Assert.assertEqualsImpl(Assert.java:137)
at org.testng.Assert.assertEquals(Assert.java:118)
at org.testng.Assert.assertEquals(Assert.java:453)
at org.testng.Assert.assertEquals(Assert.java:463)
at extentreport.Testclassdemo.link(Testclassdemo.java:25)
at sun.reflect.NativeMethodAccessorImpl.invoke0(Native Method)
at sun.reflect.NativeMethodAccessorImpl.invoke(NativeMethodAccessorImpl.java:62)
at sun.reflect.DelegatingMethodAccessorImpl.invoke(DelegatingMethodAccessorImpl.java:43)
at java.lang.reflect.Method.invoke(Method.java:498)
at org.testng.internal.MethodInvocationHelper.invokeMethod(MethodInvocationHelper.java:124)
at org.testng.internal.Invoker.invokeMethod(Invoker.java:583)
at org.testng.internal.Invoker.invokeTestMethod(Invoker.java:719)
at org.testng.internal.Invoker.invokeTestMethods(Invoker.java:989)
at org.testng.internal.TestMethodWorker.invokeTestMethods(TestMethodWorker.java:125)
at org.testng.internal.TestMethodWorker.run(TestMethodWorker.java:109)
at org.testng.TestRunner.privateRun(TestRunner.java:648)
at org.testng.TestRunner.run(TestRunner.java:505)
at org.testng.SuiteRunner.runTest(SuiteRunner.java:455)
at org.testng.SuiteRunner.runSequentially(SuiteRunner.java:450)
at org.testng.SuiteRunner.privateRun(SuiteRunner.java:415)
at org.testng.SuiteRunner.run(SuiteRunner.java:364)
at org.testng.SuiteRunnerWorker.runSuite(SuiteRunnerWorker.java:52)
at org.testng.SuiteRunnerWorker.run(SuiteRunnerWorker.java:84)
at org.testng.TestNG.runSuitesSequentially(TestNG.java:1208)
at org.testng.TestNG.runSuitesLocally(TestNG.java:1137)
at org.testng.TestNG.runSuites(TestNG.java:1049)
at org.testng.TestNG.run(TestNG.java:1017)
at org.testng.remote.AbstractRemoteTestNG.run(AbstractRemoteTestNG.java:115)
at org.testng.remote.RemoteTestNG.initAndRun(RemoteTestNG.java:251)
at org.testng.remote.RemoteTestNG.main(RemoteTestNG.java:77)
]]>
            </full-stacktrace>
          </exception> <!-- java.lang.AssertionError -->
          <reporter-output>
          </reporter-output>
        </test-method> <!-- link -->
        <test-method status="PASS" signature="Amethod()[pri:0, instance:extentreport.Testclassdemo@1e88b3c]" name="Amethod" is-config="true" duration-ms="2106" started-at="2019-08-13T11:11:36Z" finished-at="2019-08-13T11:11:38Z">
          <reporter-output>
          </reporter-output>
        </test-method> <!-- Amethod -->
        <test-method status="PASS" signature="Asuite()[pri:0, instance:extentreport.Testclassdemo@1e88b3c]" name="Asuite" is-config="true" duration-ms="1058" started-at="2019-08-13T11:11:38Z" finished-at="2019-08-13T11:11:39Z">
          <reporter-output>
          </reporter-output>
        </test-method> <!-- Asuite -->
      </class> <!-- extentreport.Testclassdemo -->
    </test> <!-- Default test -->
  </suite> <!-- Default suite -->
</testng-results>
